Build started 6/3/2014 5:42:54 PM.
     1>Project "D:\openCV\Tern14\Final\Final\Final.vcxproj" on node 2 (Build target(s)).
     1>Link:
         C:\Program Files (x86)\Microsoft Visual Studio 11.0\VC\bin\link.exe /ERRORREPORT:PROMPT /OUT:"D:\openCV\Tern14\Final\Release\Final.exe" /INCREMENTAL:NO /NOLOGO kernel32.lib user32.lib gdi32.lib winspool.lib comdlg32.lib advapi32.lib shell32.lib ole32.lib oleaut32.lib uuid.lib odbc32.lib odbccp32.lib opencv_calib3d246d.lib opencv_contrib246d.lib opencv_core246d.lib opencv_features2d246d.lib opencv_flann246d.lib opencv_gpu246d.lib opencv_haartraining_engined.lib opencv_nonfree246d.lib opencv_highgui246d.lib opencv_imgproc246d.lib opencv_legacy246d.lib opencv_ml246d.lib opencv_objdetect246d.lib opencv_ts246d.lib opencv_video246d.lib kernel32.lib user32.lib gdi32.lib winspool.lib comdlg32.lib advapi32.lib shell32.lib ole32.lib oleaut32.lib uuid.lib odbc32.lib odbccp32.lib /MANIFEST /MANIFESTUAC:"level='asInvoker' uiAccess='false'" /manifest:embed /DEBUG /PDB:"D:\openCV\Tern14\Final\Release\Final.pdb" /SUBSYSTEM:CONSOLE /OPT:REF /OPT:ICF /LTCG /TLBID:1 /DYNAMICBASE /NXCOMPAT /IMPLIB:"D:\openCV\Tern14\Final\Release\Final.lib" /MACHINE:X86 /SAFESEH Release\Outlook.obj
         Release\Panorama.obj
         Release\Rectangle.obj
         Release\Source.obj
     1>Outlook.obj : error LNK2001: unresolved external symbol __imp___CrtDbgReportW
     1>D:\openCV\Tern14\Final\Release\Final.exe : fatal error LNK1120: 1 unresolved externals
     1>Done Building Project "D:\openCV\Tern14\Final\Final\Final.vcxproj" (Build target(s)) -- FAILED.

Build FAILED.

Time Elapsed 00:00:00.65
